Info: Generated by version: 22.4 build 94
Info: Starting: Create simulation model
Info: qsys-generate /home/wisig321/Videos/quartus/G3/ip/qsys_top/qsys_top_prbs_generator_1.ip --simulation=VERILOG --allow-mixed-language-simulation --simulator=MODELSIM --output-directory=/home/wisig321/Videos/quartus/G3/ip/qsys_top/qsys_top_prbs_generator_1 --family=Agilex --part=AGFB014R24B2E2V
Info: qsys_top_prbs_generator_1: "Transforming system: qsys_top_prbs_generator_1"
Error: prbs_generator_1: prbs_generator does not support generation for Verilog Simulation. Generation is available for: Quartus Synthesis.
Error: Generation failed with exit code 1: 1 Error, 0 Warnings
Info: Finished: Create simulation model
Error: SPD file was not generated: /home/wisig321/Videos/quartus/G3/ip/qsys_top/qsys_top_prbs_generator_1/qsys_top_prbs_generator_1.spd
Error: Could not generate simulation scripts
Info: Starting: Create block symbol file (.bsf)
Info: qsys-generate /home/wisig321/Videos/quartus/G3/ip/qsys_top/qsys_top_prbs_generator_1.ip --block-symbol-file --output-directory=/home/wisig321/Videos/quartus/G3/ip/qsys_top/qsys_top_prbs_generator_1 --family=Agilex --part=AGFB014R24B2E2V
Info: Finished: Create block symbol file (.bsf)
Info: 
Info: Starting: Create HDL design files for synthesis
Info: qsys-generate /home/wisig321/Videos/quartus/G3/ip/qsys_top/qsys_top_prbs_generator_1.ip --synthesis=VERILOG --output-directory=/home/wisig321/Videos/quartus/G3/ip/qsys_top/qsys_top_prbs_generator_1 --family=Agilex --part=AGFB014R24B2E2V
Info: qsys_top_prbs_generator_1: "Transforming system: qsys_top_prbs_generator_1"
Info: qsys_top_prbs_generator_1: "Naming system components in system: qsys_top_prbs_generator_1"
Info: qsys_top_prbs_generator_1: "Processing generation queue"
Info: qsys_top_prbs_generator_1: "Generating: qsys_top_prbs_generator_1"
Info: qsys_top_prbs_generator_1: "Generating: prbs_pattern_generator"
Info: qsys_top_prbs_generator_1: Done "qsys_top_prbs_generator_1" with 2 modules, 2 files
Info: Finished: Create HDL design files for synthesis
