Info: Generated by version: 22.4 build 94
Info: Starting: Create simulation model
Info: qsys-generate /home/bluefalcon/Videos/G2/rom.ip --simulation=VERILOG --allow-mixed-language-simulation --simulator=MODELSIM --output-directory=/home/bluefalcon/Videos/G2/rom --family=Agilex --part=AGFB014R24B2E2V
: rom.rom_1port_0: Targeting device family: Agilex.
: rom.rom_1port_0: In 'Mem Init' tab, the initial content of the memory must be specified for a ROM.
: rom.rom_1port_0: In 'Performance Optimization' tab, 'Timing/Power Optimization' feature is only supported for M20K ram block type.
Info: rom: "Transforming system: rom"
Info: rom: "Naming system components in system: rom"
Info: rom: "Processing generation queue"
Info: rom: "Generating: rom"
Info: rom: "Generating: rom_rom_1port_2010_5hpb5ia"
Info: rom: Done "rom" with 2 modules, 2 files
Info: Generating the following file(s) for MODELSIM simulator in /home/bluefalcon/Videos/G2/rom/sim/ directory:
Info: 	common/modelsim_files.tcl
Info: For information on how to simulate your IP, see the explanatory comments in the simulator-specific subdirectories under /home/bluefalcon/Videos/G2/rom/sim/.
Info: Regenerate these scripts whenever you make any change to any Quartus-generated IP in your project.
Info: Finished: Create simulation model
Info: Starting: Create simulation script
Info: sim-script-gen --system-file=/home/bluefalcon/Videos/G2/rom.ip --simulator=MODELSIM --output-directory=/home/bluefalcon/Videos/G2/rom/sim/ --use-relative-paths=true
Info: Generating the following file(s) for MODELSIM simulator in /home/bluefalcon/Videos/G2/rom/sim/ directory:
Info: 	mentor/msim_setup.tcl
Info: For information on how to simulate your IP, see the explanatory comments in the simulator-specific subdirectories under /home/bluefalcon/Videos/G2/rom/sim/.
Info: Regenerate these scripts whenever you make any change to any Quartus-generated IP in your project.
Info: Finished: Create simulation script
Info: Starting: Create block symbol file (.bsf)
Info: qsys-generate /home/bluefalcon/Videos/G2/rom.ip --block-symbol-file --output-directory=/home/bluefalcon/Videos/G2/rom --family=Agilex --part=AGFB014R24B2E2V
: rom.rom_1port_0: Targeting device family: Agilex.
: rom.rom_1port_0: In 'Mem Init' tab, the initial content of the memory must be specified for a ROM.
: rom.rom_1port_0: In 'Performance Optimization' tab, 'Timing/Power Optimization' feature is only supported for M20K ram block type.
Info: Finished: Create block symbol file (.bsf)
Info: 
Info: Starting: Create HDL design files for synthesis
Info: qsys-generate /home/bluefalcon/Videos/G2/rom.ip --synthesis=VERILOG --output-directory=/home/bluefalcon/Videos/G2/rom --family=Agilex --part=AGFB014R24B2E2V
: rom.rom_1port_0: Targeting device family: Agilex.
: rom.rom_1port_0: In 'Mem Init' tab, the initial content of the memory must be specified for a ROM.
: rom.rom_1port_0: In 'Performance Optimization' tab, 'Timing/Power Optimization' feature is only supported for M20K ram block type.
Info: Skipping generation of rom: files already generated.
Info: Finished: Create HDL design files for synthesis
Info: Starting: Generate IP Core Documentation
Info: No documentation filesets were found for components in rom. No files generated.
Info: Finished: Generate IP Core Documentation
