Info: Generated by version: 22.4 build 94
Info: Starting: Create simulation model
Info: qsys-generate /home/wisig321/Videos/quartus/G3/ip/qsys_top/user_rst_clkgate_0.ip --simulation=VERILOG --allow-mixed-language-simulation --simulator=MODELSIM --output-directory=/home/wisig321/Videos/quartus/G3/ip/qsys_top/user_rst_clkgate_0 --family=Agilex --part=AGFB014R24B2E2V
Info: user_rst_clkgate_0: "Transforming system: user_rst_clkgate_0"
Info: user_rst_clkgate_0: "Naming system components in system: user_rst_clkgate_0"
Info: user_rst_clkgate_0: "Processing generation queue"
Info: user_rst_clkgate_0: "Generating: user_rst_clkgate_0"
Info: user_rst_clkgate_0: "Generating: altera_s10_user_rst_clkgate"
Info: user_rst_clkgate_0: Done "user_rst_clkgate_0" with 2 modules, 2 files
Info: Generating the following file(s) for MODELSIM simulator in /home/wisig321/Videos/quartus/G3/ip/qsys_top/user_rst_clkgate_0/sim/ directory:
Info: 	common/modelsim_files.tcl
Info: For information on how to simulate your IP, see the explanatory comments in the simulator-specific subdirectories under /home/wisig321/Videos/quartus/G3/ip/qsys_top/user_rst_clkgate_0/sim/.
Info: Regenerate these scripts whenever you make any change to any Quartus-generated IP in your project.
Info: Finished: Create simulation model
Info: Starting: Create simulation script
Info: sim-script-gen --system-file=/home/wisig321/Videos/quartus/G3/ip/qsys_top/user_rst_clkgate_0.ip --simulator=MODELSIM --output-directory=/home/wisig321/Videos/quartus/G3/ip/qsys_top/user_rst_clkgate_0/sim/ --use-relative-paths=true
Info: Generating the following file(s) for MODELSIM simulator in /home/wisig321/Videos/quartus/G3/ip/qsys_top/user_rst_clkgate_0/sim/ directory:
Info: 	mentor/msim_setup.tcl
Info: For information on how to simulate your IP, see the explanatory comments in the simulator-specific subdirectories under /home/wisig321/Videos/quartus/G3/ip/qsys_top/user_rst_clkgate_0/sim/.
Info: Regenerate these scripts whenever you make any change to any Quartus-generated IP in your project.
Info: Finished: Create simulation script
Info: Starting: Create block symbol file (.bsf)
Info: qsys-generate /home/wisig321/Videos/quartus/G3/ip/qsys_top/user_rst_clkgate_0.ip --block-symbol-file --output-directory=/home/wisig321/Videos/quartus/G3/ip/qsys_top/user_rst_clkgate_0 --family=Agilex --part=AGFB014R24B2E2V
Info: Finished: Create block symbol file (.bsf)
Info: 
Info: Starting: Create HDL design files for synthesis
Info: qsys-generate /home/wisig321/Videos/quartus/G3/ip/qsys_top/user_rst_clkgate_0.ip --synthesis=VERILOG --output-directory=/home/wisig321/Videos/quartus/G3/ip/qsys_top/user_rst_clkgate_0 --family=Agilex --part=AGFB014R24B2E2V
Info: user_rst_clkgate_0: "Transforming system: user_rst_clkgate_0"
Info: user_rst_clkgate_0: "Naming system components in system: user_rst_clkgate_0"
Info: user_rst_clkgate_0: "Processing generation queue"
Info: user_rst_clkgate_0: "Generating: user_rst_clkgate_0"
Info: user_rst_clkgate_0: "Generating: altera_s10_user_rst_clkgate"
Info: altera_s10_user_rst_clkgate_inst: generating top-level entity altera_s10_user_rst_clkgate
Info: user_rst_clkgate_0: Done "user_rst_clkgate_0" with 2 modules, 3 files
Info: Finished: Create HDL design files for synthesis
