Info: Generated by version: 22.4 build 94
Info: Starting: Create block symbol file (.bsf)
Info: qsys-generate /home/bluefalcon/Videos/fifo.ip --block-symbol-file --output-directory=/home/bluefalcon/Videos/fifo --family=Agilex --part=AGFB014R24B2E2V
: fifo.fifo_0: Targeting device family: Agilex.
: fifo.fifo_0: Tab: 'SCFIFO Options' is unavailable while using Dual-Clock FIFO.
: fifo.fifo_0: 'Output register option' is unavailable while using Dual-Clock FIFO.
: fifo.fifo_0: SDC file will be generated to apply correct constraints. User may experience increase in fitter compilation time
: fifo.fifo_0: Embedded set_false_path assignment is disabled.
Info: Finished: Create block symbol file (.bsf)
Info: 
Info: Starting: Create HDL design files for synthesis
Info: qsys-generate /home/bluefalcon/Videos/fifo.ip --synthesis=VERILOG --output-directory=/home/bluefalcon/Videos/fifo --family=Agilex --part=AGFB014R24B2E2V
: fifo.fifo_0: Targeting device family: Agilex.
: fifo.fifo_0: Tab: 'SCFIFO Options' is unavailable while using Dual-Clock FIFO.
: fifo.fifo_0: 'Output register option' is unavailable while using Dual-Clock FIFO.
: fifo.fifo_0: SDC file will be generated to apply correct constraints. User may experience increase in fitter compilation time
: fifo.fifo_0: Embedded set_false_path assignment is disabled.
Info: fifo: "Transforming system: fifo"
Info: fifo: "Naming system components in system: fifo"
Info: fifo: "Processing generation queue"
Info: fifo: "Generating: fifo"
Info: fifo: "Generating: fifo_fifo_1920_cgqugzq"
Info: fifo: Done "fifo" with 2 modules, 3 files
Info: Finished: Create HDL design files for synthesis
Info: Starting: Generate IP Core Documentation
Info: No documentation filesets were found for components in fifo. No files generated.
Info: Finished: Generate IP Core Documentation
