Info: Generated by version: 22.4 build 94
Info: Starting: Create simulation model
Info: qsys-generate /home/bluefalcon/Videos/G2/ram1.ip --simulation=VERILOG --allow-mixed-language-simulation --simulator=MODELSIM --output-directory=/home/bluefalcon/Videos/G2/ram1 --family=Agilex --part=AGFB014R24B2E2V
: ram1.ram_1port_0: Targeting device family: Agilex.
: ram1.ram_1port_0: In 'Performance Optimization' tab, 'Timing/Power Optimization' feature is only supported for M20K ram block type.
Info: ram1: "Transforming system: ram1"
Info: ram1: "Naming system components in system: ram1"
Info: ram1: "Processing generation queue"
Info: ram1: "Generating: ram1"
Info: ram1: "Generating: ram1_ram_1port_2010_evrarkq"
Info: ram1: Done "ram1" with 2 modules, 2 files
Info: Generating the following file(s) for MODELSIM simulator in /home/bluefalcon/Videos/G2/ram1/sim/ directory:
Info: 	common/modelsim_files.tcl
Info: For information on how to simulate your IP, see the explanatory comments in the simulator-specific subdirectories under /home/bluefalcon/Videos/G2/ram1/sim/.
Info: Regenerate these scripts whenever you make any change to any Quartus-generated IP in your project.
Info: Finished: Create simulation model
Info: Starting: Create simulation script
Info: sim-script-gen --system-file=/home/bluefalcon/Videos/G2/ram1.ip --simulator=MODELSIM --output-directory=/home/bluefalcon/Videos/G2/ram1/sim/ --use-relative-paths=true
Info: Generating the following file(s) for MODELSIM simulator in /home/bluefalcon/Videos/G2/ram1/sim/ directory:
Info: 	mentor/msim_setup.tcl
Info: For information on how to simulate your IP, see the explanatory comments in the simulator-specific subdirectories under /home/bluefalcon/Videos/G2/ram1/sim/.
Info: Regenerate these scripts whenever you make any change to any Quartus-generated IP in your project.
Info: Finished: Create simulation script
Info: Starting: Create block symbol file (.bsf)
Info: qsys-generate /home/bluefalcon/Videos/G2/ram1.ip --block-symbol-file --output-directory=/home/bluefalcon/Videos/G2/ram1 --family=Agilex --part=AGFB014R24B2E2V
: ram1.ram_1port_0: Targeting device family: Agilex.
: ram1.ram_1port_0: In 'Performance Optimization' tab, 'Timing/Power Optimization' feature is only supported for M20K ram block type.
Info: Finished: Create block symbol file (.bsf)
Info: 
Info: Starting: Create HDL design files for synthesis
Info: qsys-generate /home/bluefalcon/Videos/G2/ram1.ip --synthesis=VERILOG --output-directory=/home/bluefalcon/Videos/G2/ram1 --family=Agilex --part=AGFB014R24B2E2V
: ram1.ram_1port_0: Targeting device family: Agilex.
: ram1.ram_1port_0: In 'Performance Optimization' tab, 'Timing/Power Optimization' feature is only supported for M20K ram block type.
Info: Skipping generation of ram1: files already generated.
Info: Finished: Create HDL design files for synthesis
Info: Starting: Generate IP Core Documentation
Info: No documentation filesets were found for components in ram1. No files generated.
Info: Finished: Generate IP Core Documentation
